[2021-04-22 09:51:40] START
[2021-04-22 09:54:11] EDIT farm/models/db.py: 10
[2021-04-22 09:54:30] EDIT farm/models/db.py: 0
[2021-04-22 10:27:44] EDIT farm/models/db.py: 6
[2021-04-22 10:27:45] EDIT farm/models/db.py: 0
[2021-04-22 10:34:35] EDIT farm/models/db.py: 6
[2021-04-23 09:19:11] CREATE products.py: 0
[2021-04-23 09:19:21] CREATE profile.py: 0
[2021-04-23 09:38:20] EDIT farm/controllers/products.py: 7
[2021-04-23 09:47:02] EDIT farm/controllers/products.py: 20
[2021-04-23 10:01:45] EDIT farm/controllers/products.py: 9
[2021-04-23 10:06:52] EDIT farm/controllers/products.py: 14
[2021-04-23 10:06:53] EDIT farm/controllers/products.py: 0
[2021-04-23 10:09:53] EDIT farm/controllers/profile.py: 10
[2021-04-23 13:12:03] EDIT farm/controllers/profile.py: 0
[2021-04-23 13:12:42] CREATE products/myposts.html: 0
[2021-04-23 13:12:54] CREATE products/post.html: 0
[2021-04-23 13:13:03] CREATE products/proc.html: 0
[2021-04-23 13:13:13] CREATE products/update.html: 0
[2021-04-23 13:13:22] CREATE products/view.html: 0
[2021-04-23 13:13:30] CREATE products/save.html: 0
[2021-04-23 13:15:48] DELETE farm/views/products/save.html: -3
[2021-04-23 13:15:56] CREATE profile/save.html: 0
[2021-04-23 13:20:26] EDIT farm/views/products/myposts.html: 24
[2021-04-23 13:20:37] EDIT farm/views/products/myposts.html: 2
[2021-04-23 13:23:10] EDIT farm/views/products/myposts.html: 0
[2021-04-23 13:25:11] EDIT farm/views/products/update.html: 10
[2021-04-23 13:26:20] EDIT farm/views/products/post.html: 2
[2021-04-23 13:29:29] EDIT farm/views/products/proc.html: 16
[2021-04-23 13:29:57] EDIT farm/views/products/proc.html: 0
[2021-04-23 14:45:17] EDIT farm/views/products/view.html: 21
[2021-04-23 14:51:15] EDIT farm/views/products/view.html: 12
[2021-04-23 15:05:30] EDIT farm/views/products/view.html: 1
[2021-04-23 15:05:33] EDIT farm/views/products/view.html: 0
[2021-04-23 15:06:36] EDIT farm/views/profile/save.html: 5
[2021-04-23 15:06:53] EDIT farm/views/profile/save.html: 0
[2021-04-23 15:12:13] EDIT farm/views/profile/save.html: 0
[2021-04-23 15:14:27] EDIT farm/models/menu.py: 5
[2021-04-23 15:17:03] EDIT farm/models/menu.py: 1
[2021-04-23 15:18:58] EDIT farm/models/menu.py: 9
