timestamp: 2021-04-03T12:41:51.816186
CREATE TABLE "auth_user"(
    "id" INTEGER PRIMARY KEY AUTOINCREMENT,
    "first_name" CHAR(128),
    "last_name" CHAR(128),
    "email" CHAR(512),
    "password" CHAR(512),
    "registration_key" CHAR(512),
    "reset_password_key" CHAR(512),
    "registration_id" CHAR(512)
);
success!
timestamp: 2021-04-03T12:41:51.854746
CREATE TABLE "auth_group"(
    "id" INTEGER PRIMARY KEY AUTOINCREMENT,
    "role" CHAR(512),
    "description" TEXT
);
success!
timestamp: 2021-04-03T12:41:51.878324
CREATE TABLE "auth_membership"(
    "id" INTEGER PRIMARY KEY AUTOINCREMENT,
    "user_id" INTEGER REFERENCES "auth_user" ("id") ON DELETE CASCADE  ,
    "group_id" INTEGER REFERENCES "auth_group" ("id") ON DELETE CASCADE  
);
success!
timestamp: 2021-04-03T12:41:51.912518
CREATE TABLE "auth_permission"(
    "id" INTEGER PRIMARY KEY AUTOINCREMENT,
    "group_id" INTEGER REFERENCES "auth_group" ("id") ON DELETE CASCADE  ,
    "name" CHAR(512),
    "table_name" CHAR(512),
    "record_id" INTEGER
);
success!
timestamp: 2021-04-03T12:41:51.932365
CREATE TABLE "auth_event"(
    "id" INTEGER PRIMARY KEY AUTOINCREMENT,
    "time_stamp" TIMESTAMP,
    "client_ip" CHAR(512),
    "user_id" INTEGER REFERENCES "auth_user" ("id") ON DELETE CASCADE  ,
    "origin" CHAR(512),
    "description" TEXT
);
success!
timestamp: 2021-04-03T12:41:51.953186
CREATE TABLE "auth_cas"(
    "id" INTEGER PRIMARY KEY AUTOINCREMENT,
    "user_id" INTEGER REFERENCES "auth_user" ("id") ON DELETE CASCADE  ,
    "created_on" TIMESTAMP,
    "service" CHAR(512),
    "ticket" CHAR(512),
    "renew" CHAR(1)
);
success!
timestamp: 2021-04-07T10:00:47.925605
CREATE TABLE "blog"(
    "id" INTEGER PRIMARY KEY AUTOINCREMENT,
    "blog_title" CHAR(512),
    "blog_details" CHAR(512),
    "blog_image" CHAR(512),
    "blog_url" CHAR(512),
    "blog_category" CHAR(512),
    "blog_date_posted" CHAR(512)
);
success!
success!
timestamp: 2021-04-10T14:01:24.509416
CREATE TABLE "contacts"(
    "id" INTEGER PRIMARY KEY AUTOINCREMENT,
    "first_name" CHAR(512),
    "last_name" CHAR(512),
    "company_name" CHAR(512),
    "address" CHAR(512),
    "city" CHAR(512),
    "county" CHAR(512),
    "state_name" CHAR(512),
    "zip" CHAR(512),
    "phone1" CHAR(512),
    "phone2" CHAR(512),
    "email" CHAR(512),
    "web" CHAR(512)
);
success!
timestamp: 2021-04-16T10:32:15.787858
CREATE TABLE "products"(
    "id" INTEGER PRIMARY KEY AUTOINCREMENT,
    "product_name" CHAR(512),
    "current_price" CHAR(512)
);
success!
timestamp: 2021-04-16T10:32:15.835892
CREATE TABLE "orders"(
    "id" INTEGER PRIMARY KEY AUTOINCREMENT,
    "order_date" DATE,
    "product_id" INTEGER,
    "order_price" DOUBLE,
    "orderer_id" INTEGER
);
success!
