[2021-04-02 09:35:00] START
[2021-04-03 12:41:43] CREATE basics.py: 0
[2021-04-03 12:44:30] EDIT pluralsight/controllers/basics.py: 4
[2021-04-03 12:45:56] CREATE basics/helloworld.html: 0
[2021-04-03 12:50:07] EDIT pluralsight/views/basics/helloworld.html: 2
[2021-04-03 12:50:40] EDIT pluralsight/views/basics/helloworld.html: 3
[2021-04-03 12:55:49] EDIT pluralsight/controllers/basics.py: 4
[2021-04-03 12:55:55] EDIT pluralsight/controllers/basics.py: 1
[2021-04-03 12:56:02] EDIT pluralsight/controllers/basics.py: 0
[2021-04-03 12:56:05] EDIT pluralsight/controllers/basics.py: 0
[2021-04-03 12:56:29] CREATE basics/request_args.html: 0
[2021-04-04 12:33:49] EDIT pluralsight/views/basics/request_args.html: 2
[2021-04-04 12:40:00] EDIT pluralsight/controllers/basics.py: 9
[2021-04-04 12:40:21] CREATE basics/request_vars.html: 0
[2021-04-04 12:44:02] EDIT pluralsight/views/basics/request_vars.html: 7
[2021-04-04 12:47:34] EDIT pluralsight/controllers/basics.py: 10
[2021-04-04 12:48:01] CREATE basics/request_object.html: 0
[2021-04-04 12:50:21] EDIT pluralsight/views/basics/request_object.html: 9
[2021-04-04 12:50:59] EDIT pluralsight/views/basics/request_object.html: 0
[2021-04-04 12:51:09] EDIT pluralsight/views/basics/request_object.html: 0
[2021-04-05 09:36:22] EDIT pluralsight/controllers/basics.py: 1
[2021-04-05 10:02:07] EDIT pluralsight/controllers/basics.py: 12
[2021-04-05 10:02:32] CREATE basics/random_number.html: 0
[2021-04-05 10:03:46] EDIT pluralsight/views/basics/random_number.html: 8
[2021-04-05 10:04:53] EDIT pluralsight/views/basics/random_number.html: -1
[2021-04-07 09:59:17] EDIT pluralsight/models/db.py: 8
[2021-04-07 09:59:20] EDIT pluralsight/models/db.py: 0
[2021-04-07 09:59:21] EDIT pluralsight/models/db.py: 0
[2021-04-07 09:59:21] EDIT pluralsight/models/db.py: 0
[2021-04-07 09:59:37] EDIT pluralsight/models/db.py: 0
[2021-04-07 09:59:54] EDIT pluralsight/models/db.py: 0
[2021-04-07 10:00:06] EDIT pluralsight/models/db.py: 0
[2021-04-07 10:22:59] EDIT pluralsight/models/db.py: 0
[2021-04-08 09:00:53] CREATE blog.py: 0
[2021-04-08 09:03:31] EDIT pluralsight/controllers/blog.py: 3
[2021-04-08 09:08:31] EDIT pluralsight/controllers/blog.py: 3
[2021-04-08 09:09:32] EDIT pluralsight/controllers/blog.py: 0
[2021-04-08 09:09:46] EDIT pluralsight/controllers/blog.py: 0
[2021-04-08 09:11:12] CREATE blog/post.html: 0
[2021-04-08 09:11:45] EDIT pluralsight/views/blog/post.html: 0
[2021-04-09 09:30:53] EDIT pluralsight/controllers/blog.py: 10
[2021-04-09 09:35:42] EDIT pluralsight/controllers/blog.py: 8
[2021-04-09 09:42:51] EDIT pluralsight/controllers/blog.py: 0
[2021-04-09 09:43:37] CREATE blog/update.html: 0
[2021-04-09 09:44:00] EDIT pluralsight/views/blog/update.html: 0
[2021-04-09 10:06:55] EDIT pluralsight/views/blog/update.html: 0
[2021-04-09 10:07:22] EDIT pluralsight/views/blog/update.html: 0
[2021-04-09 10:08:54] CREATE blog/view.html: 0
[2021-04-09 10:12:23] EDIT pluralsight/views/blog/view.html: 20
[2021-04-09 10:15:04] EDIT pluralsight/views/blog/view.html: 1
[2021-04-09 10:19:36] EDIT pluralsight/views/blog/view.html: 1
[2021-04-10 14:01:17] EDIT pluralsight/models/db.py: 14
[2021-04-10 14:09:49] EDIT pluralsight/controllers/appadmin.py: 0
[2021-04-10 14:10:12] EDIT pluralsight/controllers/appadmin.py: 0
[2021-04-10 14:10:31] EDIT pluralsight/controllers/appadmin.py: 0
[2021-04-10 14:11:25] EDIT pluralsight/controllers/appadmin.py: 0
[2021-04-11 13:38:37] EDIT pluralsight/models/db.py: 0
[2021-04-11 13:48:15] CREATE contacts.py: 0
[2021-04-11 13:49:11] EDIT pluralsight/controllers/contacts.py: 3
